app/build/intermediates/manifest_merge_blame_file/devRelease/processDevReleaseMainManifest/manifest-merger-blame-dev-release-report.txt
1<?xml version="1.0" encoding="utf-8"?>
2<manifest xmlns:android="http://schemas.android.com/apk/res/android"
3    package="com.catalent.onehub.dev"
4    android:versionCode="1"
5    android:versionName="1.0.0-dev" >
6
7    <uses-sdk
8        android:minSdkVersion="32"
9        android:targetSdkVersion="36" />
10
11    <uses-permission android:name="android.permission.INTERNET" />
11-->src/main/AndroidManifest.xml:5:5-67
11-->src/main/AndroidManifest.xml:5:22-64
12    <uses-permission android:name="android.permission.GET_ACCOUNTS" />
12-->[com.salesforce.mobilesdk:SalesforceSDK:13.2.0] AndroidManifest.xml:10:5-71
12-->[com.salesforce.mobilesdk:SalesforceSDK:13.2.0] AndroidManifest.xml:10:22-68
13    <uses-permission android:name="android.permission.USE_CREDENTIALS" />
13-->[com.salesforce.mobilesdk:SalesforceSDK:13.2.0] AndroidManifest.xml:11:5-74
13-->[com.salesforce.mobilesdk:SalesforceSDK:13.2.0] AndroidManifest.xml:11:22-71
14    <uses-permission android:name="android.permission.DOWNLOAD_WITHOUT_NOTIFICATION" />
14-->[com.salesforce.mobilesdk:SalesforceSDK:13.2.0] AndroidManifest.xml:12:5-88
14-->[com.salesforce.mobilesdk:SalesforceSDK:13.2.0] AndroidManifest.xml:12:22-85
15    <uses-permission android:name="android.permission.USE_BIOMETRIC" /> <!-- suppress DeprecatedClassUsageInspection -->
15-->[com.salesforce.mobilesdk:SalesforceSDK:13.2.0] AndroidManifest.xml:13:5-72
15-->[com.salesforce.mobilesdk:SalesforceSDK:13.2.0] AndroidManifest.xml:13:22-69
16    <uses-permission android:name="android.permission.USE_FINGERPRINT" />
16-->[androidx.biometric:biometric:1.2.0-alpha05] AndroidManifest.xml:25:5-74
16-->[androidx.biometric:biometric:1.2.0-alpha05] AndroidManifest.xml:25:22-71
17    <uses-permission android:name="android.permission.ACCESS_NETWORK_STATE" />
17-->[com.salesforce.mobilesdk:SalesforceAnalytics:13.2.0] AndroidManifest.xml:10:5-79
17-->[com.salesforce.mobilesdk:SalesforceAnalytics:13.2.0] AndroidManifest.xml:10:22-76
18    <uses-permission android:name="android.permission.POST_NOTIFICATIONS" />
18-->[com.google.firebase:firebase-messaging:25.0.0] AndroidManifest.xml:23:5-77
18-->[com.google.firebase:firebase-messaging:25.0.0] AndroidManifest.xml:23:22-74
19    <uses-permission android:name="android.permission.WAKE_LOCK" /> <!-- Required by older versions of Google Play services to create IID tokens -->
19-->[com.google.firebase:firebase-messaging:25.0.0] AndroidManifest.xml:24:5-68
19-->[com.google.firebase:firebase-messaging:25.0.0] AndroidManifest.xml:24:22-65
20    <uses-permission android:name="com.google.android.c2dm.permission.RECEIVE" />
20-->[com.google.firebase:firebase-messaging:25.0.0] AndroidManifest.xml:26:5-82
20-->[com.google.firebase:firebase-messaging:25.0.0] AndroidManifest.xml:26:22-79
21    <uses-permission android:name="android.permission.RECEIVE_BOOT_COMPLETED" />
21-->[androidx.work:work-runtime:2.10.3] AndroidManifest.xml:25:5-81
21-->[androidx.work:work-runtime:2.10.3] AndroidManifest.xml:25:22-78
22    <uses-permission android:name="android.permission.FOREGROUND_SERVICE" />
22-->[androidx.work:work-runtime:2.10.3] AndroidManifest.xml:26:5-77
22-->[androidx.work:work-runtime:2.10.3] AndroidManifest.xml:26:22-74
23
24    <permission
24-->[androidx.core:core:1.16.0] AndroidManifest.xml:22:5-24:47
25        android:name="com.catalent.onehub.dev.DYNAMIC_RECEIVER_NOT_EXPORTED_PERMISSION"
25-->[androidx.core:core:1.16.0] AndroidManifest.xml:23:9-81
26        android:protectionLevel="signature" />
26-->[androidx.core:core:1.16.0] AndroidManifest.xml:24:9-44
27
28    <uses-permission android:name="com.catalent.onehub.dev.DYNAMIC_RECEIVER_NOT_EXPORTED_PERMISSION" />
28-->[androidx.core:core:1.16.0] AndroidManifest.xml:26:5-97
28-->[androidx.core:core:1.16.0] AndroidManifest.xml:26:22-94
29
30    <application
30-->src/main/AndroidManifest.xml:7:5-61:19
31        android:name="com.catalent.onehub.MainApplication"
31-->src/main/AndroidManifest.xml:9:9-40
32        android:allowBackup="true"
32-->src/main/AndroidManifest.xml:8:9-35
33        android:appComponentFactory="androidx.core.app.CoreComponentFactory"
33-->[androidx.core:core:1.16.0] AndroidManifest.xml:28:18-86
34        android:dataExtractionRules="@xml/data_extraction_rules"
34-->src/main/AndroidManifest.xml:10:9-65
35        android:extractNativeLibs="false"
36        android:fullBackupContent="@xml/backup_rules"
36-->src/main/AndroidManifest.xml:11:9-54
37        android:icon="@mipmap/ic_launcher"
37-->src/main/AndroidManifest.xml:12:9-43
38        android:label="@string/app_name"
38-->src/main/AndroidManifest.xml:13:9-41
39        android:roundIcon="@mipmap/ic_launcher_round"
39-->src/main/AndroidManifest.xml:14:9-54
40        android:supportsRtl="true"
40-->src/main/AndroidManifest.xml:15:9-35
41        android:testOnly="true"
42        android:theme="@style/Theme.CatalentOneHubNoActionBar" >
42-->src/main/AndroidManifest.xml:16:9-63
43        <activity
43-->src/main/AndroidManifest.xml:17:9-27:20
44            android:name="com.catalent.onehub.presentation.ui.MainActivity"
44-->src/main/AndroidManifest.xml:18:13-57
45            android:exported="true"
45-->src/main/AndroidManifest.xml:19:13-36
46            android:label="@string/app_name"
46-->src/main/AndroidManifest.xml:20:13-45
47            android:theme="@style/Theme.CatalentOneHubNoActionBar" >
47-->src/main/AndroidManifest.xml:21:13-67
48            <intent-filter>
48-->src/main/AndroidManifest.xml:22:13-26:29
49                <action android:name="android.intent.action.MAIN" />
49-->src/main/AndroidManifest.xml:23:17-69
49-->src/main/AndroidManifest.xml:23:25-66
50
51                <category android:name="android.intent.category.LAUNCHER" />
51-->src/main/AndroidManifest.xml:25:17-77
51-->src/main/AndroidManifest.xml:25:27-74
52            </intent-filter>
53        </activity>
54
55        <!-- <activity android:name="com.salesforce.androidsdk.ui.LoginActivity" -->
56        <!-- android:theme="@style/Theme.CatalentOneHubNoActionBar" -->
57        <!-- android:launchMode="singleTask" -->
58        <!-- android:exported="true" -->
59        <!-- tools:replace="android:theme"> -->
60        <!-- <intent-filter> -->
61        <!-- <data android:scheme="fieldagentapp" -->
62        <!-- android:host="*" -->
63        <!-- android:path="/mobilesdk/detect/oauth/done" /> -->
64        <!-- <action android:name="android.intent.action.VIEW" /> -->
65        <!-- <category android:name="android.intent.category.BROWSABLE" /> -->
66        <!-- <category android:name="android.intent.category.DEFAULT" /> -->
67        <!-- </intent-filter> -->
68        <!-- </activity> -->
69
70
71        <!-- Salesforce login — handles OAuth redirect -->
72        <activity
72-->src/main/AndroidManifest.xml:45:9-60:20
73            android:name="com.salesforce.androidsdk.ui.LoginActivity"
73-->src/main/AndroidManifest.xml:46:13-70
74            android:configChanges="orientation|screenLayout|uiMode|screenSize|smallestScreenSize"
74-->[com.salesforce.mobilesdk:SalesforceSDK:13.2.0] AndroidManifest.xml:51:13-98
75            android:exported="true"
75-->src/main/AndroidManifest.xml:47:13-36
76            android:launchMode="singleTask"
76-->src/main/AndroidManifest.xml:48:13-44
77            android:theme="@style/Theme.CatalentOneHubNoActionBar"
77-->src/main/AndroidManifest.xml:49:13-67
78            android:windowSoftInputMode="adjustResize" >
78-->[com.salesforce.mobilesdk:SalesforceSDK:13.2.0] AndroidManifest.xml:55:13-55
79            <intent-filter>
79-->src/main/AndroidManifest.xml:51:13-59:29
80                <action android:name="android.intent.action.VIEW" />
80-->src/main/AndroidManifest.xml:52:17-69
80-->src/main/AndroidManifest.xml:52:25-66
81
82                <category android:name="android.intent.category.DEFAULT" />
82-->src/main/AndroidManifest.xml:53:17-76
82-->src/main/AndroidManifest.xml:53:27-73
83                <category android:name="android.intent.category.BROWSABLE" />
83-->src/main/AndroidManifest.xml:54:17-78
83-->src/main/AndroidManifest.xml:54:27-75
84
85                <data
85-->src/main/AndroidManifest.xml:55:17-58:52
86                    android:host="mobile"
86-->src/main/AndroidManifest.xml:57:21-42
87                    android:path="/oauth/onehub"
87-->src/main/AndroidManifest.xml:58:21-49
88                    android:scheme="fieldagentapp" />
88-->src/main/AndroidManifest.xml:56:21-51
89            </intent-filter>
90        </activity>
91        <!-- SmartStore Inspector screen -->
92        <activity
92-->[com.salesforce.mobilesdk:SmartStore:13.2.0] AndroidManifest.xml:12:9-15:52
93            android:name="com.salesforce.androidsdk.smartstore.ui.SmartStoreInspectorActivity"
93-->[com.salesforce.mobilesdk:SmartStore:13.2.0] AndroidManifest.xml:13:13-95
94            android:exported="false"
94-->[com.salesforce.mobilesdk:SmartStore:13.2.0] AndroidManifest.xml:14:13-37
95            android:theme="@style/SalesforceSDK" /> <!-- Key Value Store Inspector screen -->
95-->[com.salesforce.mobilesdk:SmartStore:13.2.0] AndroidManifest.xml:15:13-49
96        <activity
96-->[com.salesforce.mobilesdk:SmartStore:13.2.0] AndroidManifest.xml:17:9-20:52
97            android:name="com.salesforce.androidsdk.smartstore.ui.KeyValueStoreInspectorActivity"
97-->[com.salesforce.mobilesdk:SmartStore:13.2.0] AndroidManifest.xml:18:13-98
98            android:exported="false"
98-->[com.salesforce.mobilesdk:SmartStore:13.2.0] AndroidManifest.xml:19:13-37
99            android:theme="@style/SalesforceSDK" /> <!-- Metadata for supported app restrictions -->
99-->[com.salesforce.mobilesdk:SmartStore:13.2.0] AndroidManifest.xml:20:13-49
100        <meta-data
100-->[com.salesforce.mobilesdk:SalesforceSDK:13.2.0] AndroidManifest.xml:18:9-20:56
101            android:name="android.content.APP_RESTRICTIONS"
101-->[com.salesforce.mobilesdk:SalesforceSDK:13.2.0] AndroidManifest.xml:19:13-60
102            android:resource="@xml/app_restrictions" /> <!-- Service required for authentication -->
102-->[com.salesforce.mobilesdk:SalesforceSDK:13.2.0] AndroidManifest.xml:20:13-53
103        <service
103-->[com.salesforce.mobilesdk:SalesforceSDK:13.2.0] AndroidManifest.xml:23:9-34:19
104            android:name="com.salesforce.androidsdk.auth.AuthenticatorService"
104-->[com.salesforce.mobilesdk:SalesforceSDK:13.2.0] AndroidManifest.xml:24:13-79
105            android:exported="true" >
105-->[com.salesforce.mobilesdk:SalesforceSDK:13.2.0] AndroidManifest.xml:25:13-36
106            <intent-filter>
106-->[com.salesforce.mobilesdk:SalesforceSDK:13.2.0] AndroidManifest.xml:27:13-29:29
107                <action android:name="android.accounts.AccountAuthenticator" />
107-->[com.salesforce.mobilesdk:SalesforceSDK:13.2.0] AndroidManifest.xml:28:17-80
107-->[com.salesforce.mobilesdk:SalesforceSDK:13.2.0] AndroidManifest.xml:28:25-77
108            </intent-filter>
109
110            <meta-data
110-->[com.salesforce.mobilesdk:SalesforceSDK:13.2.0] AndroidManifest.xml:31:13-33:57
111                android:name="android.accounts.AccountAuthenticator"
111-->[com.salesforce.mobilesdk:SalesforceSDK:13.2.0] AndroidManifest.xml:32:17-69
112                android:resource="@xml/authenticator" />
112-->[com.salesforce.mobilesdk:SalesforceSDK:13.2.0] AndroidManifest.xml:33:17-54
113        </service>
114        <service
114-->[com.salesforce.mobilesdk:SalesforceSDK:13.2.0] AndroidManifest.xml:35:9-46:19
115            android:name="com.salesforce.androidsdk.auth.LegacyAuthenticatorService"
115-->[com.salesforce.mobilesdk:SalesforceSDK:13.2.0] AndroidManifest.xml:36:13-85
116            android:exported="true" >
116-->[com.salesforce.mobilesdk:SalesforceSDK:13.2.0] AndroidManifest.xml:37:13-36
117            <intent-filter>
117-->[com.salesforce.mobilesdk:SalesforceSDK:13.2.0] AndroidManifest.xml:27:13-29:29
118                <action android:name="android.accounts.AccountAuthenticator" />
118-->[com.salesforce.mobilesdk:SalesforceSDK:13.2.0] AndroidManifest.xml:28:17-80
118-->[com.salesforce.mobilesdk:SalesforceSDK:13.2.0] AndroidManifest.xml:28:25-77
119            </intent-filter>
120
121            <meta-data
121-->[com.salesforce.mobilesdk:SalesforceSDK:13.2.0] AndroidManifest.xml:31:13-33:57
122                android:name="android.accounts.AccountAuthenticator"
122-->[com.salesforce.mobilesdk:SalesforceSDK:13.2.0] AndroidManifest.xml:32:17-69
123                android:resource="@xml/legacy_authenticator" />
123-->[com.salesforce.mobilesdk:SalesforceSDK:13.2.0] AndroidManifest.xml:33:17-54
124        </service> <!-- Token Migration Activity -->
125        <activity
125-->[com.salesforce.mobilesdk:SalesforceSDK:13.2.0] AndroidManifest.xml:58:9-62:54
126            android:name="com.salesforce.androidsdk.ui.TokenMigrationActivity"
126-->[com.salesforce.mobilesdk:SalesforceSDK:13.2.0] AndroidManifest.xml:59:13-79
127            android:excludeFromRecents="true"
127-->[com.salesforce.mobilesdk:SalesforceSDK:13.2.0] AndroidManifest.xml:60:13-46
128            android:exported="false"
128-->[com.salesforce.mobilesdk:SalesforceSDK:13.2.0] AndroidManifest.xml:61:13-37
129            android:theme="@style/AccountSwitcher" /> <!-- Screen Lock Activity -->
129-->[com.salesforce.mobilesdk:SalesforceSDK:13.2.0] AndroidManifest.xml:62:13-51
130        <activity
130-->[com.salesforce.mobilesdk:SalesforceSDK:13.2.0] AndroidManifest.xml:65:9-69:77
131            android:name="com.salesforce.androidsdk.ui.ScreenLockActivity"
131-->[com.salesforce.mobilesdk:SalesforceSDK:13.2.0] AndroidManifest.xml:66:13-75
132            android:exported="false"
132-->[com.salesforce.mobilesdk:SalesforceSDK:13.2.0] AndroidManifest.xml:67:13-37
133            android:theme="@style/SalesforceSDK.ScreenLock"
133-->[com.salesforce.mobilesdk:SalesforceSDK:13.2.0] AndroidManifest.xml:68:13-60
134            android:windowSoftInputMode="adjustResize|stateAlwaysVisible" /> <!-- Manage space activity -->
134-->[com.salesforce.mobilesdk:SalesforceSDK:13.2.0] AndroidManifest.xml:69:13-74
135        <activity
135-->[com.salesforce.mobilesdk:SalesforceSDK:13.2.0] AndroidManifest.xml:72:9-76:52
136            android:name="com.salesforce.androidsdk.ui.ManageSpaceActivity"
136-->[com.salesforce.mobilesdk:SalesforceSDK:13.2.0] AndroidManifest.xml:73:13-76
137            android:excludeFromRecents="true"
137-->[com.salesforce.mobilesdk:SalesforceSDK:13.2.0] AndroidManifest.xml:74:13-46
138            android:exported="false"
138-->[com.salesforce.mobilesdk:SalesforceSDK:13.2.0] AndroidManifest.xml:75:13-37
139            android:theme="@style/SalesforceSDK" /> <!-- Account switcher activity -->
139-->[com.salesforce.mobilesdk:SalesforceSDK:13.2.0] AndroidManifest.xml:76:13-49
140        <activity
140-->[com.salesforce.mobilesdk:SalesforceSDK:13.2.0] AndroidManifest.xml:79:9-83:54
141            android:name="com.salesforce.androidsdk.ui.AccountSwitcherActivity"
141-->[com.salesforce.mobilesdk:SalesforceSDK:13.2.0] AndroidManifest.xml:80:13-80
142            android:excludeFromRecents="true"
142-->[com.salesforce.mobilesdk:SalesforceSDK:13.2.0] AndroidManifest.xml:81:13-46
143            android:exported="false"
143-->[com.salesforce.mobilesdk:SalesforceSDK:13.2.0] AndroidManifest.xml:82:13-37
144            android:theme="@style/AccountSwitcher" /> <!-- IDP auth code activity -->
144-->[com.salesforce.mobilesdk:SalesforceSDK:13.2.0] AndroidManifest.xml:83:13-51
145        <activity
145-->[com.salesforce.mobilesdk:SalesforceSDK:13.2.0] AndroidManifest.xml:86:9-90:52
146            android:name="com.salesforce.androidsdk.auth.idp.IDPAuthCodeActivity"
146-->[com.salesforce.mobilesdk:SalesforceSDK:13.2.0] AndroidManifest.xml:87:13-82
147            android:excludeFromRecents="true"
147-->[com.salesforce.mobilesdk:SalesforceSDK:13.2.0] AndroidManifest.xml:88:13-46
148            android:exported="true"
148-->[com.salesforce.mobilesdk:SalesforceSDK:13.2.0] AndroidManifest.xml:89:13-36
149            android:theme="@style/SalesforceSDK" /> <!-- Receiver in SP app for IDP-SP login flows -->
149-->[com.salesforce.mobilesdk:SalesforceSDK:13.2.0] AndroidManifest.xml:90:13-49
150        <receiver
150-->[com.salesforce.mobilesdk:SalesforceSDK:13.2.0] AndroidManifest.xml:93:9-101:20
151            android:name="com.salesforce.androidsdk.auth.idp.SPReceiver"
151-->[com.salesforce.mobilesdk:SalesforceSDK:13.2.0] AndroidManifest.xml:94:13-73
152            android:exported="true" >
152-->[com.salesforce.mobilesdk:SalesforceSDK:13.2.0] AndroidManifest.xml:95:13-36
153            <intent-filter>
153-->[com.salesforce.mobilesdk:SalesforceSDK:13.2.0] AndroidManifest.xml:97:13-100:29
154                <action android:name="com.salesforce.androidsdk.IDP_TO_SP_REQUEST" />
154-->[com.salesforce.mobilesdk:SalesforceSDK:13.2.0] AndroidManifest.xml:98:17-86
154-->[com.salesforce.mobilesdk:SalesforceSDK:13.2.0] AndroidManifest.xml:98:25-83
155                <action android:name="com.salesforce.androidsdk.IDP_TO_SP_RESPONSE" />
155-->[com.salesforce.mobilesdk:SalesforceSDK:13.2.0] AndroidManifest.xml:99:17-87
155-->[com.salesforce.mobilesdk:SalesforceSDK:13.2.0] AndroidManifest.xml:99:25-84
156            </intent-filter>
157        </receiver> <!-- Receiver in IDP app for IDP-SP login flows -->
158        <receiver
158-->[com.salesforce.mobilesdk:SalesforceSDK:13.2.0] AndroidManifest.xml:104:9-112:20
159            android:name="com.salesforce.androidsdk.auth.idp.IDPReceiver"
159-->[com.salesforce.mobilesdk:SalesforceSDK:13.2.0] AndroidManifest.xml:105:13-74
160            android:exported="true" >
160-->[com.salesforce.mobilesdk:SalesforceSDK:13.2.0] AndroidManifest.xml:106:13-36
161            <intent-filter>
161-->[com.salesforce.mobilesdk:SalesforceSDK:13.2.0] AndroidManifest.xml:108:13-111:29
162                <action android:name="com.salesforce.androidsdk.SP_TO_IDP_REQUEST" />
162-->[com.salesforce.mobilesdk:SalesforceSDK:13.2.0] AndroidManifest.xml:109:17-86
162-->[com.salesforce.mobilesdk:SalesforceSDK:13.2.0] AndroidManifest.xml:109:25-83
163                <action android:name="com.salesforce.androidsdk.SP_TO_IDP_RESPONSE" />
163-->[com.salesforce.mobilesdk:SalesforceSDK:13.2.0] AndroidManifest.xml:110:17-87
163-->[com.salesforce.mobilesdk:SalesforceSDK:13.2.0] AndroidManifest.xml:110:25-84
164            </intent-filter>
165        </receiver>
166
167        <service
167-->[com.salesforce.mobilesdk:SalesforceSDK:13.2.0] AndroidManifest.xml:114:9-120:19
168            android:name="com.salesforce.androidsdk.push.SFDCFcmListenerService"
168-->[com.salesforce.mobilesdk:SalesforceSDK:13.2.0] AndroidManifest.xml:115:13-81
169            android:exported="false" >
169-->[com.salesforce.mobilesdk:SalesforceSDK:13.2.0] AndroidManifest.xml:116:13-37
170            <intent-filter>
170-->[com.salesforce.mobilesdk:SalesforceSDK:13.2.0] AndroidManifest.xml:117:13-119:29
171                <action android:name="com.google.firebase.MESSAGING_EVENT" />
171-->[com.salesforce.mobilesdk:SalesforceSDK:13.2.0] AndroidManifest.xml:118:17-78
171-->[com.salesforce.mobilesdk:SalesforceSDK:13.2.0] AndroidManifest.xml:118:25-75
172            </intent-filter>
173        </service>
174
175        <receiver
175-->[com.google.firebase:firebase-messaging:25.0.0] AndroidManifest.xml:29:9-40:20
176            android:name="com.google.firebase.iid.FirebaseInstanceIdReceiver"
176-->[com.google.firebase:firebase-messaging:25.0.0] AndroidManifest.xml:30:13-78
177            android:exported="true"
177-->[com.google.firebase:firebase-messaging:25.0.0] AndroidManifest.xml:31:13-36
178            android:permission="com.google.android.c2dm.permission.SEND" >
178-->[com.google.firebase:firebase-messaging:25.0.0] AndroidManifest.xml:32:13-73
179            <intent-filter>
179-->[com.google.firebase:firebase-messaging:25.0.0] AndroidManifest.xml:33:13-35:29
180                <action android:name="com.google.android.c2dm.intent.RECEIVE" />
180-->[com.google.firebase:firebase-messaging:25.0.0] AndroidManifest.xml:34:17-81
180-->[com.google.firebase:firebase-messaging:25.0.0] AndroidManifest.xml:34:25-78
181            </intent-filter>
182
183            <meta-data
183-->[com.google.firebase:firebase-messaging:25.0.0] AndroidManifest.xml:37:13-39:40
184                android:name="com.google.android.gms.cloudmessaging.FINISHED_AFTER_HANDLED"
184-->[com.google.firebase:firebase-messaging:25.0.0] AndroidManifest.xml:38:17-92
185                android:value="true" />
185-->[com.google.firebase:firebase-messaging:25.0.0] AndroidManifest.xml:39:17-37
186        </receiver>
187        <!--
188             FirebaseMessagingService performs security checks at runtime,
189             but set to not exported to explicitly avoid allowing another app to call it.
190        -->
191        <service
191-->[com.google.firebase:firebase-messaging:25.0.0] AndroidManifest.xml:46:9-53:19
192            android:name="com.google.firebase.messaging.FirebaseMessagingService"
192-->[com.google.firebase:firebase-messaging:25.0.0] AndroidManifest.xml:47:13-82
193            android:directBootAware="true"
193-->[com.google.firebase:firebase-messaging:25.0.0] AndroidManifest.xml:48:13-43
194            android:exported="false" >
194-->[com.google.firebase:firebase-messaging:25.0.0] AndroidManifest.xml:49:13-37
195            <intent-filter android:priority="-500" >
195-->[com.salesforce.mobilesdk:SalesforceSDK:13.2.0] AndroidManifest.xml:117:13-119:29
196                <action android:name="com.google.firebase.MESSAGING_EVENT" />
196-->[com.salesforce.mobilesdk:SalesforceSDK:13.2.0] AndroidManifest.xml:118:17-78
196-->[com.salesforce.mobilesdk:SalesforceSDK:13.2.0] AndroidManifest.xml:118:25-75
197            </intent-filter>
198        </service>
199        <service
199-->[com.google.firebase:firebase-messaging:25.0.0] AndroidManifest.xml:54:9-63:19
200            android:name="com.google.firebase.components.ComponentDiscoveryService"
200-->[com.google.firebase:firebase-messaging:25.0.0] AndroidManifest.xml:55:13-84
201            android:directBootAware="true"
201-->[com.google.firebase:firebase-common:22.0.0] AndroidManifest.xml:32:13-43
202            android:exported="false" >
202-->[com.google.firebase:firebase-messaging:25.0.0] AndroidManifest.xml:56:13-37
203            <meta-data
203-->[com.google.firebase:firebase-messaging:25.0.0] AndroidManifest.xml:57:13-59:85
204                android:name="com.google.firebase.components:com.google.firebase.messaging.FirebaseMessagingKtxRegistrar"
204-->[com.google.firebase:firebase-messaging:25.0.0] AndroidManifest.xml:58:17-122
205                android:value="com.google.firebase.components.ComponentRegistrar" />
205-->[com.google.firebase:firebase-messaging:25.0.0] AndroidManifest.xml:59:17-82
206            <meta-data
206-->[com.google.firebase:firebase-messaging:25.0.0] AndroidManifest.xml:60:13-62:85
207                android:name="com.google.firebase.components:com.google.firebase.messaging.FirebaseMessagingRegistrar"
207-->[com.google.firebase:firebase-messaging:25.0.0] AndroidManifest.xml:61:17-119
208                android:value="com.google.firebase.components.ComponentRegistrar" />
208-->[com.google.firebase:firebase-messaging:25.0.0] AndroidManifest.xml:62:17-82
209            <meta-data
209-->[com.google.firebase:firebase-installations:18.0.0] AndroidManifest.xml:15:13-17:85
210                android:name="com.google.firebase.components:com.google.firebase.installations.FirebaseInstallationsKtxRegistrar"
210-->[com.google.firebase:firebase-installations:18.0.0] AndroidManifest.xml:16:17-130
211                android:value="com.google.firebase.components.ComponentRegistrar" />
211-->[com.google.firebase:firebase-installations:18.0.0] AndroidManifest.xml:17:17-82
212            <meta-data
212-->[com.google.firebase:firebase-installations:18.0.0] AndroidManifest.xml:18:13-20:85
213                android:name="com.google.firebase.components:com.google.firebase.installations.FirebaseInstallationsRegistrar"
213-->[com.google.firebase:firebase-installations:18.0.0] AndroidManifest.xml:19:17-127
214                android:value="com.google.firebase.components.ComponentRegistrar" />
214-->[com.google.firebase:firebase-installations:18.0.0] AndroidManifest.xml:20:17-82
215            <meta-data
215-->[com.google.firebase:firebase-common:22.0.0] AndroidManifest.xml:35:13-37:85
216                android:name="com.google.firebase.components:com.google.firebase.FirebaseCommonKtxRegistrar"
216-->[com.google.firebase:firebase-common:22.0.0] AndroidManifest.xml:36:17-109
217                android:value="com.google.firebase.components.ComponentRegistrar" />
217-->[com.google.firebase:firebase-common:22.0.0] AndroidManifest.xml:37:17-82
218            <meta-data
218-->[com.google.firebase:firebase-datatransport:18.2.0] AndroidManifest.xml:25:13-27:85
219                android:name="com.google.firebase.components:com.google.firebase.datatransport.TransportRegistrar"
219-->[com.google.firebase:firebase-datatransport:18.2.0] AndroidManifest.xml:26:17-115
220                android:value="com.google.firebase.components.ComponentRegistrar" />
220-->[com.google.firebase:firebase-datatransport:18.2.0] AndroidManifest.xml:27:17-82
221        </service>
222
223        <activity
223-->[com.google.android.gms:play-services-base:18.1.0] AndroidManifest.xml:20:9-22:45
224            android:name="com.google.android.gms.common.api.GoogleApiActivity"
224-->[com.google.android.gms:play-services-base:18.1.0] AndroidManifest.xml:20:19-85
225            android:exported="false"
225-->[com.google.android.gms:play-services-base:18.1.0] AndroidManifest.xml:22:19-43
226            android:theme="@android:style/Theme.Translucent.NoTitleBar" />
226-->[com.google.android.gms:play-services-base:18.1.0] AndroidManifest.xml:21:19-78
227
228        <provider
228-->[com.google.firebase:firebase-common:22.0.0] AndroidManifest.xml:23:9-28:39
229            android:name="com.google.firebase.provider.FirebaseInitProvider"
229-->[com.google.firebase:firebase-common:22.0.0] AndroidManifest.xml:24:13-77
230            android:authorities="com.catalent.onehub.dev.firebaseinitprovider"
230-->[com.google.firebase:firebase-common:22.0.0] AndroidManifest.xml:25:13-72
231            android:directBootAware="true"
231-->[com.google.firebase:firebase-common:22.0.0] AndroidManifest.xml:26:13-43
232            android:exported="false"
232-->[com.google.firebase:firebase-common:22.0.0] AndroidManifest.xml:27:13-37
233            android:initOrder="100" />
233-->[com.google.firebase:firebase-common:22.0.0] AndroidManifest.xml:28:13-36
234        <provider
234-->[androidx.emoji2:emoji2:1.4.0] AndroidManifest.xml:24:9-32:20
235            android:name="androidx.startup.InitializationProvider"
235-->[androidx.emoji2:emoji2:1.4.0] AndroidManifest.xml:25:13-67
236            android:authorities="com.catalent.onehub.dev.androidx-startup"
236-->[androidx.emoji2:emoji2:1.4.0] AndroidManifest.xml:26:13-68
237            android:exported="false" >
237-->[androidx.emoji2:emoji2:1.4.0] AndroidManifest.xml:27:13-37
238            <meta-data
238-->[androidx.emoji2:emoji2:1.4.0] AndroidManifest.xml:29:13-31:52
239                android:name="androidx.emoji2.text.EmojiCompatInitializer"
239-->[androidx.emoji2:emoji2:1.4.0] AndroidManifest.xml:30:17-75
240                android:value="androidx.startup" />
240-->[androidx.emoji2:emoji2:1.4.0] AndroidManifest.xml:31:17-49
241            <meta-data
241-->[androidx.lifecycle:lifecycle-process:2.8.7] AndroidManifest.xml:29:13-31:52
242                android:name="androidx.lifecycle.ProcessLifecycleInitializer"
242-->[androidx.lifecycle:lifecycle-process:2.8.7] AndroidManifest.xml:30:17-78
243                android:value="androidx.startup" />
243-->[androidx.lifecycle:lifecycle-process:2.8.7] AndroidManifest.xml:31:17-49
244            <meta-data
244-->[androidx.work:work-runtime:2.10.3] AndroidManifest.xml:34:13-36:52
245                android:name="androidx.work.WorkManagerInitializer"
245-->[androidx.work:work-runtime:2.10.3] AndroidManifest.xml:35:17-68
246                android:value="androidx.startup" />
246-->[androidx.work:work-runtime:2.10.3] AndroidManifest.xml:36:17-49
247            <meta-data
247-->[androidx.profileinstaller:profileinstaller:1.4.0] AndroidManifest.xml:29:13-31:52
248                android:name="androidx.profileinstaller.ProfileInstallerInitializer"
248-->[androidx.profileinstaller:profileinstaller:1.4.0] AndroidManifest.xml:30:17-85
249                android:value="androidx.startup" />
249-->[androidx.profileinstaller:profileinstaller:1.4.0] AndroidManifest.xml:31:17-49
250        </provider>
251
252        <service
252-->[androidx.work:work-runtime:2.10.3] AndroidManifest.xml:39:9-45:35
253            android:name="androidx.work.impl.background.systemalarm.SystemAlarmService"
253-->[androidx.work:work-runtime:2.10.3] AndroidManifest.xml:40:13-88
254            android:directBootAware="false"
254-->[androidx.work:work-runtime:2.10.3] AndroidManifest.xml:41:13-44
255            android:enabled="@bool/enable_system_alarm_service_default"
255-->[androidx.work:work-runtime:2.10.3] AndroidManifest.xml:42:13-72
256            android:exported="false" />
256-->[androidx.work:work-runtime:2.10.3] AndroidManifest.xml:43:13-37
257        <service
257-->[androidx.work:work-runtime:2.10.3] AndroidManifest.xml:46:9-52:35
258            android:name="androidx.work.impl.background.systemjob.SystemJobService"
258-->[androidx.work:work-runtime:2.10.3] AndroidManifest.xml:47:13-84
259            android:directBootAware="false"
259-->[androidx.work:work-runtime:2.10.3] AndroidManifest.xml:48:13-44
260            android:enabled="@bool/enable_system_job_service_default"
260-->[androidx.work:work-runtime:2.10.3] AndroidManifest.xml:49:13-70
261            android:exported="true"
261-->[androidx.work:work-runtime:2.10.3] AndroidManifest.xml:50:13-36